<?xml version="1.0" encoding="UTF-8"?>
<testng-results skipped="0" failed="0" ignored="0" total="1" passed="1">
  <reporter-output>
  </reporter-output>
  <suite name="Surefire suite" duration-ms="301" started-at="2022-09-15T16:31:31 CEST" finished-at="2022-09-15T16:31:31 CEST">
    <groups>
    </groups>
    <test name="Surefire test" duration-ms="301" started-at="2022-09-15T16:31:31 CEST" finished-at="2022-09-15T16:31:31 CEST">
      <class name="Test.Selenium.test.TestLogin1">
        <test-method status="PASS" signature="checkReporting12()[pri:0, instance:Test.Selenium.test.TestLogin1@1536602f]" name="checkReporting12" duration-ms="70" started-at="2022-09-15T16:31:31 CEST" finished-at="2022-09-15T16:31:31 CEST">
          <reporter-output>
          </reporter-output>
        </test-method> <!-- checkReporting12 -->
      </class> <!-- Test.Selenium.test.TestLogin1 -->
    </test> <!-- Surefire test -->
  </suite> <!-- Surefire suite -->
</testng-results>
