<?xml version="1.0" encoding="UTF-8"?>
<testng-results ignored="0" total="1" passed="1" failed="0" skipped="0">
  <reporter-output>
  </reporter-output>
  <suite started-at="2022-09-16T12:24:45 CEST" name="Default suite" finished-at="2022-09-16T12:24:45 CEST" duration-ms="230">
    <groups>
    </groups>
    <test started-at="2022-09-16T12:24:45 CEST" name="Default test" finished-at="2022-09-16T12:24:45 CEST" duration-ms="230">
      <class name="Test.Selenium.test.Test.Selenium.test.TestLogin1">
        <test-method signature="checkReporting12()[pri:0, instance:Test.Selenium.test.Test.Selenium.test.TestLogin1@3c017078]" started-at="2022-09-16T12:24:45 CEST" name="checkReporting12" finished-at="2022-09-16T12:24:45 CEST" duration-ms="94" status="PASS">
          <reporter-output>
          </reporter-output>
        </test-method> <!-- checkReporting12 -->
      </class> <!-- Test.Selenium.test.Test.Selenium.test.TestLogin1 -->
    </test> <!-- Default test -->
  </suite> <!-- Default suite -->
</testng-results>
